2nd Hackthon/app/build/intermediates/manifest_merge_blame_file/debug/manifest-merger-blame-debug-report.txt
1<?xml version="1.0" encoding="utf-8"?>
2<manifest xmlns:android="http://schemas.android.com/apk/res/android"
3    package="com.example.gqbulk"
4    android:versionCode="1"
5    android:versionName="1.0" >
6
7    <uses-sdk
8        android:minSdkVersion="15"
8-->src\main\AndroidManifest.xml
9        android:targetSdkVersion="29" />
9-->src\main\AndroidManifest.xml
10
11    <!-- Although the *SdkVersion is captured in gradle build files, this is required for non gradle builds -->
12    <!-- <uses-sdk android:minSdkVersion="14" /> -->
13    <uses-permission android:name="android.permission.ACCESS_NETWORK_STATE" />
13-->[com.google.firebase:firebase-firestore:21.4.0] AndroidManifest.xml:13:5-79
13-->[com.google.firebase:firebase-firestore:21.4.0] AndroidManifest.xml:13:22-76
14    <uses-permission android:name="android.permission.INTERNET" />
14-->[com.google.firebase:firebase-firestore:21.4.0] AndroidManifest.xml:14:5-67
14-->[com.google.firebase:firebase-firestore:21.4.0] AndroidManifest.xml:14:22-64
15
16    <application
16-->src\main\AndroidManifest.xml:5:5-29:19
17        android:name="androidx.multidex.MultiDexApplication"
18        android:allowBackup="true"
18-->src\main\AndroidManifest.xml:6:9-35
19        android:appComponentFactory="androidx.core.app.CoreComponentFactory"
19-->[androidx.core:core:1.1.0] AndroidManifest.xml:24:18-86
20        android:debuggable="true"
21        android:icon="@mipmap/ic_launcher"
21-->src\main\AndroidManifest.xml:7:9-43
22        android:label="@string/app_name"
22-->src\main\AndroidManifest.xml:8:9-41
23        android:roundIcon="@mipmap/ic_launcher_round"
23-->src\main\AndroidManifest.xml:9:9-54
24        android:supportsRtl="true"
24-->src\main\AndroidManifest.xml:10:9-35
25        android:testOnly="true"
26        android:theme="@style/AppTheme" >
26-->src\main\AndroidManifest.xml:11:9-40
27        <activity android:name="com.example.gqbulk.promotionItemAdapter" />
27-->src\main\AndroidManifest.xml:12:9-67
27-->src\main\AndroidManifest.xml:12:19-55
28        <activity android:name="com.example.gqbulk.promotions" />
28-->src\main\AndroidManifest.xml:13:9-48
28-->src\main\AndroidManifest.xml:13:19-45
29        <activity
29-->src\main\AndroidManifest.xml:14:9-22:20
30            android:name="com.example.gqbulk.SplashScreen"
30-->src\main\AndroidManifest.xml:15:13-41
31            android:theme="@style/SplashScreen" >
31-->src\main\AndroidManifest.xml:16:13-48
32            <intent-filter>
32-->src\main\AndroidManifest.xml:17:13-21:29
33                <action android:name="android.intent.action.MAIN" />
33-->src\main\AndroidManifest.xml:18:17-69
33-->src\main\AndroidManifest.xml:18:25-66
34
35                <category android:name="android.intent.category.LAUNCHER" />
35-->src\main\AndroidManifest.xml:20:17-77
35-->src\main\AndroidManifest.xml:20:27-74
36            </intent-filter>
37        </activity>
38        <activity
38-->src\main\AndroidManifest.xml:23:9-25:47
39            android:name="com.example.gqbulk.Login"
39-->src\main\AndroidManifest.xml:24:13-34
40            android:theme="@style/AppTheme" />
40-->src\main\AndroidManifest.xml:25:13-44
41        <activity android:name="com.example.gqbulk.MainActivity" />
41-->src\main\AndroidManifest.xml:26:9-50
41-->src\main\AndroidManifest.xml:26:19-47
42        <activity android:name="com.example.gqbulk.HomePage" />
42-->src\main\AndroidManifest.xml:27:9-46
42-->src\main\AndroidManifest.xml:27:19-43
43        <activity android:name="com.example.gqbulk.bulkUI" />
43-->src\main\AndroidManifest.xml:28:9-44
43-->src\main\AndroidManifest.xml:28:19-41
44
45        <service
45-->[com.google.firebase:firebase-firestore:21.4.0] AndroidManifest.xml:17:9-23:19
46            android:name="com.google.firebase.components.ComponentDiscoveryService"
46-->[com.google.firebase:firebase-firestore:21.4.0] AndroidManifest.xml:18:13-84
47            android:directBootAware="true"
47-->[com.google.firebase:firebase-common:19.3.0] AndroidManifest.xml:34:13-43
48            android:exported="false" >
48-->[com.google.firebase:firebase-firestore:21.4.0] AndroidManifest.xml:19:13-37
49            <meta-data
49-->[com.google.firebase:firebase-firestore:21.4.0] AndroidManifest.xml:20:13-22:85
50                android:name="com.google.firebase.components:com.google.firebase.firestore.FirestoreRegistrar"
50-->[com.google.firebase:firebase-firestore:21.4.0] AndroidManifest.xml:21:17-111
51                android:value="com.google.firebase.components.ComponentRegistrar" />
51-->[com.google.firebase:firebase-firestore:21.4.0] AndroidManifest.xml:22:17-82
52        </service>
53
54        <activity
54-->[com.google.android.gms:play-services-base:17.0.0] AndroidManifest.xml:23:9-26:75
55            android:name="com.google.android.gms.common.api.GoogleApiActivity"
55-->[com.google.android.gms:play-services-base:17.0.0] AndroidManifest.xml:24:13-79
56            android:exported="false"
56-->[com.google.android.gms:play-services-base:17.0.0] AndroidManifest.xml:25:13-37
57            android:theme="@android:style/Theme.Translucent.NoTitleBar" />
57-->[com.google.android.gms:play-services-base:17.0.0] AndroidManifest.xml:26:13-72
58
59        <provider
59-->[com.google.firebase:firebase-common:19.3.0] AndroidManifest.xml:26:9-30:39
60            android:name="com.google.firebase.provider.FirebaseInitProvider"
60-->[com.google.firebase:firebase-common:19.3.0] AndroidManifest.xml:27:13-77
61            android:authorities="com.example.gqbulk.firebaseinitprovider"
61-->[com.google.firebase:firebase-common:19.3.0] AndroidManifest.xml:28:13-72
62            android:exported="false"
62-->[com.google.firebase:firebase-common:19.3.0] AndroidManifest.xml:29:13-37
63            android:initOrder="100" />
63-->[com.google.firebase:firebase-common:19.3.0] AndroidManifest.xml:30:13-36
64
65        <meta-data
65-->[com.google.android.gms:play-services-basement:17.0.0] AndroidManifest.xml:23:9-25:69
66            android:name="com.google.android.gms.version"
66-->[com.google.android.gms:play-services-basement:17.0.0] AndroidManifest.xml:24:13-58
67            android:value="@integer/google_play_services_version" />
67-->[com.google.android.gms:play-services-basement:17.0.0] AndroidManifest.xml:25:13-66
68    </application>
69
70</manifest>